<?xml version="1.0" encoding="UTF-8"?>
<testng-results ignored="0" total="2" passed="2" failed="0" skipped="0">
  <reporter-output>
  </reporter-output>
  <suite started-at="2022-12-04T09:39:59 IST" name="Default suite" finished-at="2022-12-04T09:40:27 IST" duration-ms="28745">
    <groups>
    </groups>
    <test started-at="2022-12-04T09:39:59 IST" name="Default test" finished-at="2022-12-04T09:40:27 IST" duration-ms="28745">
      <class name="qafox.TestNGListener.Demo">
        <test-method signature="testOmayoB()[pri:0, instance:qafox.TestNGListener.Demo@20deea7f]" started-at="2022-12-04T09:39:59 IST" name="testOmayoB" finished-at="2022-12-04T09:40:17 IST" duration-ms="18780" status="PASS">
          <reporter-output>
          </reporter-output>
        </test-method> <!-- testOmayoB -->
        <test-method signature="testomayoTitle()[pri:0, instance:qafox.TestNGListener.Demo@20deea7f]" started-at="2022-12-04T09:40:17 IST" name="testomayoTitle" finished-at="2022-12-04T09:40:27 IST" duration-ms="9916" status="PASS">
          <reporter-output>
          </reporter-output>
        </test-method> <!-- testomayoTitle -->
      </class> <!-- qafox.TestNGListener.Demo -->
    </test> <!-- Default test -->
  </suite> <!-- Default suite -->
</testng-results>
